<?xml version="1.0" encoding="UTF-8"?>
<!-- Generated by org.testng.reporters.JUnitXMLReporter -->
<testsuite ignored="2" hostname="Gunsmoke1982" failures="0" tests="7" name="Default test" time="0.298" errors="0" timestamp="2025-04-03T16:58:55 CEST">
  <testcase classname="databaseTesting.DataIntegrityTest" name="testDeleteCascadingBehavior" time="0.019"/>
  <testcase classname="databaseTesting.DataIntegrityTest" name="testDataIntegrity" time="0.004"/>
  <testcase classname="databaseTesting.DataIntegrityTest" name="testEmptyInsert" time="0.003"/>
  <testcase classname="databaseTesting.DataIntegrityTest" name="testEmptyInsert2" time="0.001"/>
  <testcase classname="databaseTesting.DataIntegrityTest" name="testUniqueConstraint" time="0.004"/>
  <testcase classname="databaseTesting.DataIntegrityTest" name="testFieldLength" time="0.004"/>
  <testcase classname="databaseTesting.DataIntegrityTest" name="testDefaultValues" time="0.007"/>
  <testcase classname="databaseTesting.DataIntegrityTest" name="testInvalidYearFormat" time="0.0">
    <ignored/>
  </testcase> <!-- testInvalidYearFormat -->
  <testcase classname="databaseTesting.DataIntegrityTest" name="testNullInsert" time="0.0">
    <ignored/>
  </testcase> <!-- testNullInsert -->
</testsuite> <!-- Default test -->
