<?xml version="1.0" encoding="UTF-8"?>
<!-- Generated by org.testng.reporters.JUnitXMLReporter -->
<testsuite ignored="2" hostname="Gunsmoke1982" failures="0" tests="6" name="Default test" time="0.262" errors="0" timestamp="2025-04-02T16:00:12 CEST">
  <testcase classname="databaseTesting.DataIntegrityTestOfMovieDatabase" name="testDeleteCascadingBehavior" time="0.016"/>
  <testcase classname="databaseTesting.DataIntegrityTestOfMovieDatabase" name="testDataIntegrity" time="0.003"/>
  <testcase classname="databaseTesting.DataIntegrityTestOfMovieDatabase" name="testEmptyInsert" time="0.003"/>
  <testcase classname="databaseTesting.DataIntegrityTestOfMovieDatabase" name="testUniqueConstraint" time="0.006"/>
  <testcase classname="databaseTesting.DataIntegrityTestOfMovieDatabase" name="testFieldLength" time="0.003"/>
  <testcase classname="databaseTesting.DataIntegrityTestOfMovieDatabase" name="testDefaultValues" time="0.006"/>
  <testcase classname="databaseTesting.DataIntegrityTestOfMovieDatabase" name="testNullInsert" time="0.0">
    <ignored/>
  </testcase> <!-- testNullInsert -->
  <testcase classname="databaseTesting.DataIntegrityTestOfMovieDatabase" name="testInvalidYearFormat" time="0.0">
    <ignored/>
  </testcase> <!-- testInvalidYearFormat -->
</testsuite> <!-- Default test -->
