<?xml version="1.0" encoding="UTF-8"?>
<testng-results ignored="0" total="2" passed="2" failed="0" skipped="0">
  <reporter-output>
  </reporter-output>
  <suite started-at="2025-04-07T09:35:18 CEST" name="Default suite" finished-at="2025-04-07T09:35:19 CEST" duration-ms="1198">
    <groups>
    </groups>
    <test started-at="2025-04-07T09:35:18 CEST" name="Default test" finished-at="2025-04-07T09:35:19 CEST" duration-ms="1198">
      <class name="databaseTesting.App1HtmlTest">
        <test-method is-config="true" signature="setUp()[pri:0, instance:databaseTesting.App1HtmlTest@41a2befb]" started-at="2025-04-07T09:35:18 CEST" name="setUp" finished-at="2025-04-07T09:35:19 CEST" duration-ms="949" status="PASS">
          <reporter-output>
          </reporter-output>
        </test-method> <!-- setUp -->
        <test-method signature="testAddTask()[pri:1, instance:databaseTesting.App1HtmlTest@41a2befb]" started-at="2025-04-07T09:35:19 CEST" name="testAddTask" finished-at="2025-04-07T09:35:19 CEST" duration-ms="85" status="PASS">
          <reporter-output>
          </reporter-output>
        </test-method> <!-- testAddTask -->
        <test-method signature="testDeleteTask()[pri:2, instance:databaseTesting.App1HtmlTest@41a2befb]" started-at="2025-04-07T09:35:19 CEST" name="testDeleteTask" finished-at="2025-04-07T09:35:19 CEST" depends-on-methods="databaseTesting.App1HtmlTest.testAddTask" duration-ms="45" status="PASS">
          <reporter-output>
          </reporter-output>
        </test-method> <!-- testDeleteTask -->
        <test-method is-config="true" signature="tearDown()[pri:0, instance:databaseTesting.App1HtmlTest@41a2befb]" started-at="2025-04-07T09:35:19 CEST" name="tearDown" finished-at="2025-04-07T09:35:19 CEST" duration-ms="97" status="PASS">
          <reporter-output>
          </reporter-output>
        </test-method> <!-- tearDown -->
      </class> <!-- databaseTesting.App1HtmlTest -->
    </test> <!-- Default test -->
  </suite> <!-- Default suite -->
</testng-results>
